c:\users\mathe\onedrive\documents\github\cppprojects\closedgl\debug\vc142.pdb
c:\users\mathe\onedrive\documents\github\cppprojects\closedgl\debug\vc142.idb
c:\users\mathe\onedrive\documents\github\cppprojects\closedgl\debug\sqlite3.sbr
c:\users\mathe\onedrive\documents\github\cppprojects\closedgl\debug\sqlite3.obj
c:\users\mathe\onedrive\documents\github\cppprojects\closedgl\debug\imgui.sbr
c:\users\mathe\onedrive\documents\github\cppprojects\closedgl\debug\imgui_demo.sbr
c:\users\mathe\onedrive\documents\github\cppprojects\closedgl\debug\imgui_draw.sbr
c:\users\mathe\onedrive\documents\github\cppprojects\closedgl\debug\imgui_impl_glfw.sbr
c:\users\mathe\onedrive\documents\github\cppprojects\closedgl\debug\imgui_impl_opengl3.sbr
c:\users\mathe\onedrive\documents\github\cppprojects\closedgl\debug\imgui_tables.sbr
c:\users\mathe\onedrive\documents\github\cppprojects\closedgl\debug\imgui_widgets.sbr
c:\users\mathe\onedrive\documents\github\cppprojects\closedgl\debug\model.sbr
c:\users\mathe\onedrive\documents\github\cppprojects\closedgl\debug\view.sbr
c:\users\mathe\onedrive\documents\github\cppprojects\closedgl\debug\view.obj
c:\users\mathe\onedrive\documents\github\cppprojects\closedgl\debug\model.obj
c:\users\mathe\onedrive\documents\github\cppprojects\closedgl\debug\imgui_widgets.obj
c:\users\mathe\onedrive\documents\github\cppprojects\closedgl\debug\imgui_tables.obj
c:\users\mathe\onedrive\documents\github\cppprojects\closedgl\debug\imgui_impl_opengl3.obj
c:\users\mathe\onedrive\documents\github\cppprojects\closedgl\debug\imgui_impl_glfw.obj
c:\users\mathe\onedrive\documents\github\cppprojects\closedgl\debug\imgui_draw.obj
c:\users\mathe\onedrive\documents\github\cppprojects\closedgl\debug\imgui_demo.obj
c:\users\mathe\onedrive\documents\github\cppprojects\closedgl\debug\imgui.obj
c:\users\mathe\onedrive\documents\github\cppprojects\closedgl\debug\gtest.pdb
c:\users\mathe\onedrive\documents\github\cppprojects\closedgl\debug\gtest_main.pdb
c:\users\mathe\onedrive\documents\github\cppprojects\closedgl\debug\closedgl.exe
c:\users\mathe\onedrive\documents\github\cppprojects\closedgl\debug\closedgl.ilk
c:\users\mathe\onedrive\documents\github\cppprojects\closedgl\debug\closedgl.pdb
c:\users\mathe\onedrive\documents\github\cppprojects\closedgl\debug\closedgl.bsc
c:\users\mathe\onedrive\documents\github\cppprojects\closedgl\debug\closedgl.tlog\bscmake.command.1.tlog
c:\users\mathe\onedrive\documents\github\cppprojects\closedgl\debug\closedgl.tlog\bscmake.read.1.tlog
c:\users\mathe\onedrive\documents\github\cppprojects\closedgl\debug\closedgl.tlog\cl.command.1.tlog
c:\users\mathe\onedrive\documents\github\cppprojects\closedgl\debug\closedgl.tlog\cl.read.1.tlog
c:\users\mathe\onedrive\documents\github\cppprojects\closedgl\debug\closedgl.tlog\cl.write.1.tlog
c:\users\mathe\onedrive\documents\github\cppprojects\closedgl\debug\closedgl.tlog\copylocal.read.1u.tlog
c:\users\mathe\onedrive\documents\github\cppprojects\closedgl\debug\closedgl.tlog\copylocal.write.1u.tlog
c:\users\mathe\onedrive\documents\github\cppprojects\closedgl\debug\closedgl.tlog\link.command.1.tlog
c:\users\mathe\onedrive\documents\github\cppprojects\closedgl\debug\closedgl.tlog\link.read.1.tlog
c:\users\mathe\onedrive\documents\github\cppprojects\closedgl\debug\closedgl.tlog\link.write.1.tlog
